0 info it worked if it ends with ok
1 verbose cli [ 'C:\\Program Files\\nodejs\\node.exe',
1 verbose cli   'C:\\Program Files\\nodejs\\node_modules\\npm\\bin\\npm-cli.js',
1 verbose cli   'shrinkwrap' ]
2 info using npm@3.10.3
3 info using node@v6.7.0
4 info lifecycle Elastic-Beanstalk-Sample-App@0.0.1~preshrinkwrap: Elastic-Beanstalk-Sample-App@0.0.1
5 silly lifecycle Elastic-Beanstalk-Sample-App@0.0.1~preshrinkwrap: no script for preshrinkwrap, continuing
6 warn shrinkwrap Excluding devDependency: aws-sdk@2.6.7 { angular: '^1.5.8', express: '^4.14.0' }
7 warn shrinkwrap Excluding devDependency: express-generator@4.13.4 { angular: '^1.5.8', express: '^4.14.0' }
8 info lifecycle Elastic-Beanstalk-Sample-App@0.0.1~shrinkwrap: Elastic-Beanstalk-Sample-App@0.0.1
9 silly lifecycle Elastic-Beanstalk-Sample-App@0.0.1~shrinkwrap: no script for shrinkwrap, continuing
10 verbose stack Error: Problems were encountered
10 verbose stack Please correct and try again.
10 verbose stack extraneous: base64-js@1.2.0 C:\Dev\Node\nodejs-v1\node_modules\base64-js
10 verbose stack extraneous: buffer@4.9.1 C:\Dev\Node\nodejs-v1\node_modules\buffer
10 verbose stack extraneous: commander@2.7.1 C:\Dev\Node\nodejs-v1\node_modules\commander
10 verbose stack extraneous: crypto-browserify@1.0.9 C:\Dev\Node\nodejs-v1\node_modules\crypto-browserify
10 verbose stack extraneous: graceful-readlink@1.0.1 C:\Dev\Node\nodejs-v1\node_modules\graceful-readlink
10 verbose stack extraneous: ieee754@1.1.8 C:\Dev\Node\nodejs-v1\node_modules\ieee754
10 verbose stack extraneous: isarray@1.0.0 C:\Dev\Node\nodejs-v1\node_modules\isarray
10 verbose stack extraneous: jmespath@0.15.0 C:\Dev\Node\nodejs-v1\node_modules\jmespath
10 verbose stack extraneous: lodash@3.5.0 C:\Dev\Node\nodejs-v1\node_modules\lodash
10 verbose stack extraneous: minimist@0.0.8 C:\Dev\Node\nodejs-v1\node_modules\minimist
10 verbose stack extraneous: mkdirp@0.5.1 C:\Dev\Node\nodejs-v1\node_modules\mkdirp
10 verbose stack extraneous: punycode@1.3.2 C:\Dev\Node\nodejs-v1\node_modules\punycode
10 verbose stack extraneous: querystring@0.2.0 C:\Dev\Node\nodejs-v1\node_modules\querystring
10 verbose stack extraneous: sax@1.1.5 C:\Dev\Node\nodejs-v1\node_modules\sax
10 verbose stack extraneous: sorted-object@2.0.0 C:\Dev\Node\nodejs-v1\node_modules\sorted-object
10 verbose stack extraneous: url@0.10.3 C:\Dev\Node\nodejs-v1\node_modules\url
10 verbose stack extraneous: xml2js@0.4.15 C:\Dev\Node\nodejs-v1\node_modules\xml2js
10 verbose stack extraneous: xmlbuilder@2.6.2 C:\Dev\Node\nodejs-v1\node_modules\xmlbuilder
10 verbose stack     at shrinkwrap_ (C:\Program Files\nodejs\node_modules\npm\lib\shrinkwrap.js:118:15)
10 verbose stack     at Array.<anonymous> (C:\Program Files\nodejs\node_modules\npm\node_modules\slide\lib\bind-actor.js:15:8)
10 verbose stack     at LOOP (C:\Program Files\nodejs\node_modules\npm\node_modules\slide\lib\chain.js:15:14)
10 verbose stack     at C:\Program Files\nodejs\node_modules\npm\node_modules\slide\lib\chain.js:18:7
10 verbose stack     at done (C:\Program Files\nodejs\node_modules\npm\lib\utils\lifecycle.js:129:5)
10 verbose stack     at LOOP (C:\Program Files\nodejs\node_modules\npm\node_modules\slide\lib\chain.js:7:26)
10 verbose stack     at C:\Program Files\nodejs\node_modules\npm\node_modules\slide\lib\chain.js:18:7
10 verbose stack     at C:\Program Files\nodejs\node_modules\npm\lib\utils\lifecycle.js:281:20
10 verbose stack     at FSReqWrap.oncomplete (fs.js:123:15)
11 verbose cwd C:\Dev\Node\nodejs-v1
12 error Windows_NT 6.3.9600
13 error argv "C:\\Program Files\\nodejs\\node.exe" "C:\\Program Files\\nodejs\\node_modules\\npm\\bin\\npm-cli.js" "shrinkwrap"
14 error node v6.7.0
15 error npm  v3.10.3
16 error Problems were encountered
16 error Please correct and try again.
16 error extraneous: base64-js@1.2.0 C:\Dev\Node\nodejs-v1\node_modules\base64-js
16 error extraneous: buffer@4.9.1 C:\Dev\Node\nodejs-v1\node_modules\buffer
16 error extraneous: commander@2.7.1 C:\Dev\Node\nodejs-v1\node_modules\commander
16 error extraneous: crypto-browserify@1.0.9 C:\Dev\Node\nodejs-v1\node_modules\crypto-browserify
16 error extraneous: graceful-readlink@1.0.1 C:\Dev\Node\nodejs-v1\node_modules\graceful-readlink
16 error extraneous: ieee754@1.1.8 C:\Dev\Node\nodejs-v1\node_modules\ieee754
16 error extraneous: isarray@1.0.0 C:\Dev\Node\nodejs-v1\node_modules\isarray
16 error extraneous: jmespath@0.15.0 C:\Dev\Node\nodejs-v1\node_modules\jmespath
16 error extraneous: lodash@3.5.0 C:\Dev\Node\nodejs-v1\node_modules\lodash
16 error extraneous: minimist@0.0.8 C:\Dev\Node\nodejs-v1\node_modules\minimist
16 error extraneous: mkdirp@0.5.1 C:\Dev\Node\nodejs-v1\node_modules\mkdirp
16 error extraneous: punycode@1.3.2 C:\Dev\Node\nodejs-v1\node_modules\punycode
16 error extraneous: querystring@0.2.0 C:\Dev\Node\nodejs-v1\node_modules\querystring
16 error extraneous: sax@1.1.5 C:\Dev\Node\nodejs-v1\node_modules\sax
16 error extraneous: sorted-object@2.0.0 C:\Dev\Node\nodejs-v1\node_modules\sorted-object
16 error extraneous: url@0.10.3 C:\Dev\Node\nodejs-v1\node_modules\url
16 error extraneous: xml2js@0.4.15 C:\Dev\Node\nodejs-v1\node_modules\xml2js
16 error extraneous: xmlbuilder@2.6.2 C:\Dev\Node\nodejs-v1\node_modules\xmlbuilder
17 error If you need help, you may report this error at:
17 error     <https://github.com/npm/npm/issues>
18 verbose exit [ 1, true ]
